0 info it worked if it ends with ok
1 verbose cli [ 'C:\\Program Files\\nodejs\\node.exe',
1 verbose cli   'C:\\Users\\marqu\\AppData\\Roaming\\npm\\node_modules\\npm\\bin\\npm-cli.js',
1 verbose cli   'run',
1 verbose cli   'compile:sass' ]
2 info using npm@3.10.10
3 info using node@v8.10.0
4 verbose run-script [ 'precompile:sass', 'compile:sass', 'postcompile:sass' ]
5 info lifecycle video_and_cards@1.0.0~precompile:sass: video_and_cards@1.0.0
6 silly lifecycle video_and_cards@1.0.0~precompile:sass: no script for precompile:sass, continuing
7 info lifecycle video_and_cards@1.0.0~compile:sass: video_and_cards@1.0.0
8 verbose lifecycle video_and_cards@1.0.0~compile:sass: unsafe-perm in lifecycle true
9 verbose lifecycle video_and_cards@1.0.0~compile:sass: PATH: C:\Users\marqu\AppData\Roaming\npm\node_modules\npm\bin\node-gyp-bin;C:\demo\node_modules\.bin;C:\WINDOWS\system32;C:\WINDOWS;C:\WINDOWS\System32\Wbem;C:\WINDOWS\System32\WindowsPowerShell\v1.0\;C:\Program Files\nodejs\;C:\Program Files\Git\cmd;C:\WINDOWS\System32\OpenSSH\;C:\Ruby25-x64\bin;C:\Users\marqu\AppData\Local\Microsoft\WindowsApps;C:\Users\marqu\AppData\Local\atom\bin;C:\Users\marqu\AppData\Roaming\npm;C:\Program Files\Microsoft VS Code\bin;C:\Users\marqu\AppData\Local\Microsoft\WindowsApps;C:\Users\marqu\AppData\Local\GitHubDesktop\bin
10 verbose lifecycle video_and_cards@1.0.0~compile:sass: CWD: C:\demo
11 silly lifecycle video_and_cards@1.0.0~compile:sass: Args: [ '/d /s /c', 'node-sass sass/main.scss css/style.css -w' ]
12 verbose stack Error: kill ENOSYS
12 verbose stack     at Object._errnoException (util.js:1022:11)
12 verbose stack     at process.kill (internal/process.js:183:18)
12 verbose stack     at process.listener (C:\Users\marqu\AppData\Roaming\npm\node_modules\npm\node_modules\npmlog\node_modules\gauge\node_modules\signal-exit\index.js:86:15)
12 verbose stack     at emitNone (events.js:111:20)
12 verbose stack     at process.emit (events.js:208:7)
12 verbose stack     at processEmit (C:\Users\marqu\AppData\Roaming\npm\node_modules\npm\node_modules\npmlog\node_modules\gauge\node_modules\signal-exit\index.js:146:32)
12 verbose stack     at processEmit (C:\Users\marqu\AppData\Roaming\npm\node_modules\npm\node_modules\npm-registry-client\node_modules\npmlog\node_modules\gauge\node_modules\signal-exit\index.js:146:32)
12 verbose stack     at Signal.wrap.onsignal (internal/process.js:208:44)
13 verbose cwd C:\demo
14 error Windows_NT 10.0.17134
15 error argv "C:\\Program Files\\nodejs\\node.exe" "C:\\Users\\marqu\\AppData\\Roaming\\npm\\node_modules\\npm\\bin\\npm-cli.js" "run" "compile:sass"
16 error node v8.10.0
17 error npm  v3.10.10
18 error code ENOSYS
19 error errno ENOSYS
20 error syscall kill
21 error kill ENOSYS
22 error If you need help, you may report this error at:
22 error     <https://github.com/npm/npm/issues>
23 verbose exit [ 1, true ]
